<?xml version="1.0" encoding="utf-8"?><testsuites name="pytest tests"><testsuite name="pytest" errors="0" failures="0" skipped="0" tests="1" time="0.560" timestamp="2025-09-10T07:19:01.810529-05:00" hostname="WIN-EER0QH5GS6H"><testcase classname="tests.python.unit.test_data_processing.TestDataLoading" name="test_parse_valid_csv_contents" time="0.013" /></testsuite></testsuites>