<?xml version="1.0" encoding="utf-8"?><testsuites><testsuite name="pytest" errors="0" failures="0" skipped="0" tests="0" time="2.623" timestamp="2025-09-09T14:17:41.639779-05:00" hostname="AH986470" /></testsuites>