<?xml version="1.0" encoding="utf-8"?><testsuites name="pytest tests"><testsuite name="pytest" errors="0" failures="0" skipped="0" tests="47" time="1.476" timestamp="2025-09-10T18:08:00.382089-05:00" hostname="WIN-EER0QH5GS6H"><testcase classname="tests.python.unit.test_security_utils.TestFileValidator" name="test_validate_file_upload_valid_csv" time="0.002" /><testcase classname="tests.python.unit.test_security_utils.TestFileValidator" name="test_validate_file_upload_path_traversal" time="0.001" /><testcase classname="tests.python.unit.test_security_utils.TestFileValidator" name="test_validate_file_upload_invalid_extension" time="0.001" /><testcase classname="tests.python.unit.test_security_utils.TestFileValidator" name="test_validate_file_upload_file_too_large" time="0.041" /><testcase classname="tests.python.unit.test_security_utils.TestFileValidator" name="test_validate_file_upload_invalid_base64" time="0.001" /><testcase classname="tests.python.unit.test_security_utils.TestFileValidator" name="test_validate_file_upload_missing_data_prefix" time="0.001" /><testcase classname="tests.python.unit.test_security_utils.TestFileValidator" name="test_validate_file_upload_suspicious_content" time="0.001" /><testcase classname="tests.python.unit.test_security_utils.TestFileValidator" name="test_validate_file_upload_exception_handling" time="0.002" /><testcase classname="tests.python.unit.test_security_utils.TestInputValidator" name="test_sanitize_numeric_input_valid_numbers" time="0.001" /><testcase classname="tests.python.unit.test_security_utils.TestInputValidator" name="test_sanitize_numeric_input_with_bounds" time="0.000" /><testcase classname="tests.python.unit.test_security_utils.TestInputValidator" name="test_sanitize_numeric_input_invalid_values" time="0.000" /><testcase classname="tests.python.unit.test_security_utils.TestInputValidator" name="test_sanitize_numeric_input_extreme_values" time="0.000" /><testcase classname="tests.python.unit.test_security_utils.TestInputValidator" name="test_sanitize_column_name_valid" time="0.001" /><testcase classname="tests.python.unit.test_security_utils.TestInputValidator" name="test_sanitize_column_name_invalid" time="0.001" /><testcase classname="tests.python.unit.test_security_utils.TestInputValidator" name="test_sanitize_column_name_special_characters" time="0.001" /><testcase classname="tests.python.unit.test_security_utils.TestInputValidator" name="test_sanitize_gcode_line_valid" time="0.000" /><testcase classname="tests.python.unit.test_security_utils.TestInputValidator" name="test_sanitize_gcode_line_with_comments" time="0.000" /><testcase classname="tests.python.unit.test_security_utils.TestInputValidator" name="test_sanitize_gcode_line_too_long" time="0.000" /><testcase classname="tests.python.unit.test_security_utils.TestInputValidator" name="test_sanitize_gcode_line_invalid_format" time="0.000" /><testcase classname="tests.python.unit.test_security_utils.TestConfigurationManager" name="test_save_config_valid" time="0.003" /><testcase classname="tests.python.unit.test_security_utils.TestConfigurationManager" name="test_save_config_absolute_path_rejected" time="0.001" /><testcase classname="tests.python.unit.test_security_utils.TestConfigurationManager" name="test_save_config_invalid_keys" time="0.001" /><testcase classname="tests.python.unit.test_security_utils.TestConfigurationManager" name="test_save_config_invalid_values" time="0.001" /><testcase classname="tests.python.unit.test_security_utils.TestConfigurationManager" name="test_save_config_too_large" time="0.001" /><testcase classname="tests.python.unit.test_security_utils.TestConfigurationManager" name="test_save_config_io_error" time="0.001" /><testcase classname="tests.python.unit.test_security_utils.TestConfigurationManager" name="test_load_config_valid" time="0.007" /><testcase classname="tests.python.unit.test_security_utils.TestConfigurationManager" name="test_load_config_with_defaults" time="0.006" /><testcase classname="tests.python.unit.test_security_utils.TestConfigurationManager" name="test_load_config_file_not_found" time="0.001" /><testcase classname="tests.python.unit.test_security_utils.TestConfigurationManager" name="test_load_config_invalid_path" time="0.001" /><testcase classname="tests.python.unit.test_security_utils.TestConfigurationManager" name="test_load_config_file_too_large" time="0.002" /><testcase classname="tests.python.unit.test_security_utils.TestConfigurationManager" name="test_load_config_invalid_json" time="0.007" /><testcase classname="tests.python.unit.test_security_utils.TestConfigurationManager" name="test_validate_config_value_valid" time="0.001" /><testcase classname="tests.python.unit.test_security_utils.TestConfigurationManager" name="test_validate_config_value_invalid" time="0.001" /><testcase classname="tests.python.unit.test_security_utils.TestErrorHandler" name="test_handle_error_user_friendly" time="0.001" /><testcase classname="tests.python.unit.test_security_utils.TestErrorHandler" name="test_handle_error_technical" time="0.001" /><testcase classname="tests.python.unit.test_security_utils.TestErrorHandler" name="test_handle_error_unknown_exception" time="0.001" /><testcase classname="tests.python.unit.test_security_utils.TestErrorHandler" name="test_handle_error_logging" time="0.001" /><testcase classname="tests.python.unit.test_security_utils.TestSecureParseGcode" name="test_secure_parse_gcode_valid" time="0.000" /><testcase classname="tests.python.unit.test_security_utils.TestSecureParseGcode" name="test_secure_parse_gcode_too_many_lines" time="0.000" /><testcase classname="tests.python.unit.test_security_utils.TestSecureParseGcode" name="test_secure_parse_gcode_with_comments" time="0.001" /><testcase classname="tests.python.unit.test_security_utils.TestSecureParseGcode" name="test_secure_parse_gcode_exception_handling" time="0.001" /><testcase classname="tests.python.unit.test_security_utils.TestSecureParseGcode" name="test_secure_parse_gcode_empty_content" time="0.001" /><testcase classname="tests.python.unit.test_security_utils.TestSecurityError" name="test_security_error_creation" time="0.000" /><testcase classname="tests.python.unit.test_security_utils.TestSecurityConstants" name="test_allowed_file_extensions" time="0.000" /><testcase classname="tests.python.unit.test_security_utils.TestSecurityConstants" name="test_max_file_size_reasonable" time="0.000" /><testcase classname="tests.python.unit.test_security_utils.TestSecurityConstants" name="test_safe_config_keys_defined" time="0.000" /><testcase classname="tests.python.unit.test_security_utils.TestSecurityConstants" name="test_max_gcode_line_length_reasonable" time="0.001" /></testsuite></testsuites>