<?xml version="1.0" encoding="utf-8"?><testsuites name="pytest tests"><testsuite name="pytest" errors="0" failures="0" skipped="0" tests="35" time="1.637" timestamp="2025-09-10T19:24:25.679855-05:00" hostname="WIN-EER0QH5GS6H"><testcase classname="tests.python.unit.test_error_handling.TestErrorCode" name="test_error_code_values" time="0.001" /><testcase classname="tests.python.unit.test_error_handling.TestErrorCode" name="test_error_code_coverage" time="0.001" /><testcase classname="tests.python.unit.test_error_handling.TestMELDVisualizerError" name="test_basic_error_creation" time="0.001" /><testcase classname="tests.python.unit.test_error_handling.TestMELDVisualizerError" name="test_error_with_all_parameters" time="0.001" /><testcase classname="tests.python.unit.test_error_handling.TestMELDVisualizerError" name="test_error_to_dict" time="0.000" /><testcase classname="tests.python.unit.test_error_handling.TestMELDVisualizerError" name="test_default_user_messages" time="0.001" /><testcase classname="tests.python.unit.test_error_handling.TestSpecificErrors" name="test_data_processing_error" time="0.001" /><testcase classname="tests.python.unit.test_error_handling.TestSpecificErrors" name="test_validation_error" time="0.000" /><testcase classname="tests.python.unit.test_error_handling.TestSpecificErrors" name="test_visualization_error" time="0.000" /><testcase classname="tests.python.unit.test_error_handling.TestSpecificErrors" name="test_security_error" time="0.001" /><testcase classname="tests.python.unit.test_error_handling.TestSpecificErrors" name="test_service_error" time="0.000" /><testcase classname="tests.python.unit.test_error_handling.TestErrorLogger" name="test_log_meld_error" time="0.001" /><testcase classname="tests.python.unit.test_error_handling.TestErrorLogger" name="test_log_generic_error" time="0.001" /><testcase classname="tests.python.unit.test_error_handling.TestErrorLogger" name="test_log_warning" time="0.001" /><testcase classname="tests.python.unit.test_error_handling.TestErrorLogger" name="test_log_info" time="0.001" /><testcase classname="tests.python.unit.test_error_handling.TestErrorDecorator" name="test_handle_errors_success" time="0.001" /><testcase classname="tests.python.unit.test_error_handling.TestErrorDecorator" name="test_handle_errors_meld_exception_passthrough" time="0.001" /><testcase classname="tests.python.unit.test_error_handling.TestErrorDecorator" name="test_handle_errors_generic_exception_conversion" time="0.001" /><testcase classname="tests.python.unit.test_error_handling.TestErrorDecorator" name="test_handle_errors_logging_disabled" time="0.001" /><testcase classname="tests.python.unit.test_error_handling.TestSafeExecute" name="test_safe_execute_success" time="0.001" /><testcase classname="tests.python.unit.test_error_handling.TestSafeExecute" name="test_safe_execute_meld_error" time="0.001" /><testcase classname="tests.python.unit.test_error_handling.TestSafeExecute" name="test_safe_execute_generic_error" time="0.002" /><testcase classname="tests.python.unit.test_error_handling.TestSafeExecute" name="test_safe_execute_with_error_handler" time="0.001" /><testcase classname="tests.python.unit.test_error_handling.TestErrorContext" name="test_error_context_success" time="0.001" /><testcase classname="tests.python.unit.test_error_handling.TestErrorContext" name="test_error_context_with_exception" time="0.001" /><testcase classname="tests.python.unit.test_error_handling.TestErrorContext" name="test_error_context_cleanup_failure" time="0.001" /><testcase classname="tests.python.unit.test_error_handling.TestValidationUtilities" name="test_validate_file_path_valid" time="0.001" /><testcase classname="tests.python.unit.test_error_handling.TestValidationUtilities" name="test_validate_file_path_invalid" time="0.001" /><testcase classname="tests.python.unit.test_error_handling.TestValidationUtilities" name="test_validate_numeric_range_valid" time="0.000" /><testcase classname="tests.python.unit.test_error_handling.TestValidationUtilities" name="test_validate_numeric_range_invalid" time="0.001" /><testcase classname="tests.python.unit.test_error_handling.TestValidationUtilities" name="test_validate_required_fields_valid" time="0.001" /><testcase classname="tests.python.unit.test_error_handling.TestValidationUtilities" name="test_validate_required_fields_missing" time="0.001" /><testcase classname="tests.python.unit.test_error_handling.TestValidationUtilities" name="test_validate_required_fields_none_values" time="0.001" /><testcase classname="tests.python.unit.test_error_handling.TestErrorHandlingIntegration" name="test_end_to_end_error_flow" time="0.001" /><testcase classname="tests.python.unit.test_error_handling.TestErrorHandlingIntegration" name="test_error_chaining_preservation" time="0.001" /></testsuite></testsuites>