<?xml version="1.0" encoding="utf-8"?><testsuites><testsuite name="pytest" errors="0" failures="0" skipped="0" tests="0" time="3.776" timestamp="2025-09-04T15:03:54.546291-05:00" hostname="AH986470" /></testsuites>