<?xml version="1.0" encoding="utf-8"?><testsuites name="pytest tests"><testsuite name="pytest" errors="3" failures="0" skipped="0" tests="3" time="0.188" timestamp="2025-09-11T18:29:32.885973-05:00" hostname="WIN-EER0QH5GS6H"><testcase classname="tests.playwright.e2e.test_performance_benchmarks.TestPerformanceBenchmarks" name="test_initial_page_load_performance" time="0.056"><error message="failed on setup with &quot;Failed: ScopeMismatch: You tried to access the function scoped fixture base_url with a session scoped request object. Requesting fixture stack:&#10;..\..\Users\gregs\AppData\Roaming\Python\Python313\site-packages\pytest_base_url\plugin.py:18:  def _verify_url(request, base_url)&#10;Requested fixture:&#10;tests\playwright\conftest.py:123:  def base_url()&quot;">ScopeMismatch: You tried to access the function scoped fixture base_url with a session scoped request object. Requesting fixture stack:
..\..\Users\gregs\AppData\Roaming\Python\Python313\site-packages\pytest_base_url\plugin.py:18:  def _verify_url(request, base_url)
Requested fixture:
tests\playwright\conftest.py:123:  def base_url()</error></testcase><testcase classname="tests.playwright.e2e.test_performance_benchmarks.TestPerformanceBenchmarks" name="test_csv_upload_processing_performance" time="0.001"><error message="failed on setup with &quot;Failed: ScopeMismatch: You tried to access the function scoped fixture base_url with a session scoped request object. Requesting fixture stack:&#10;..\..\Users\gregs\AppData\Roaming\Python\Python313\site-packages\pytest_base_url\plugin.py:18:  def _verify_url(request, base_url)&#10;Requested fixture:&#10;tests\playwright\conftest.py:123:  def base_url()&quot;">ScopeMismatch: You tried to access the function scoped fixture base_url with a session scoped request object. Requesting fixture stack:
..\..\Users\gregs\AppData\Roaming\Python\Python313\site-packages\pytest_base_url\plugin.py:18:  def _verify_url(request, base_url)
Requested fixture:
tests\playwright\conftest.py:123:  def base_url()</error></testcase><testcase classname="tests.playwright.e2e.test_performance_benchmarks.TestPerformanceBenchmarks" name="test_graph_rendering_performance" time="0.001"><error message="failed on setup with &quot;Failed: ScopeMismatch: You tried to access the function scoped fixture base_url with a session scoped request object. Requesting fixture stack:&#10;..\..\Users\gregs\AppData\Roaming\Python\Python313\site-packages\pytest_base_url\plugin.py:18:  def _verify_url(request, base_url)&#10;Requested fixture:&#10;tests\playwright\conftest.py:123:  def base_url()&quot;">ScopeMismatch: You tried to access the function scoped fixture base_url with a session scoped request object. Requesting fixture stack:
..\..\Users\gregs\AppData\Roaming\Python\Python313\site-packages\pytest_base_url\plugin.py:18:  def _verify_url(request, base_url)
Requested fixture:
tests\playwright\conftest.py:123:  def base_url()</error></testcase></testsuite></testsuites>
